<?xml version="1.0" encoding="UTF-8"?>
<testsuites name="Mocha Tests" time="0.0430" tests="4" failures="4">
  <testsuite name="Root Suite" timestamp="2021-12-07T00:33:27" tests="0" time="0.0000" failures="0">
  </testsuite>
  <testsuite name="Prueba de Login" timestamp="2021-12-07T00:33:27" tests="4" file="C:\Users\joulu\Desktop\Todo\proyectos\Pruebas\test.js" time="0.0410" failures="4">
    <testcase name="Prueba de Login Prueba de ingreso correcto" time="0.0110" classname="Prueba de ingreso correcto">
      <failure message="The ChromeDriver could not be found on the current PATH. Please download the latest version of the ChromeDriver from http://chromedriver.storage.googleapis.com/index.html and ensure it can be found on your PATH." type="Error"><![CDATA[Error: The ChromeDriver could not be found on the current PATH. Please download the latest version of the ChromeDriver from http://chromedriver.storage.googleapis.com/index.html and ensure it can be found on your PATH.
    at new ServiceBuilder (node_modules\selenium-webdriver\chrome.js:161:13)
    at Function.getDefaultService (node_modules\selenium-webdriver\chrome.js:278:22)
    at Function.createSession (node_modules\selenium-webdriver\chromium.js:634:49)
    at Function.createSession (node_modules\selenium-webdriver\chrome.js:240:13)
    at createDriver (node_modules\selenium-webdriver\index.js:148:33)
    at Builder.build (node_modules\selenium-webdriver\index.js:713:16)
    at Context.<anonymous> (test.js:11:61)
    at processImmediate (internal/timers.js:464:21)]]></failure>
    </testcase>
    <testcase name="Prueba de Login Prueba de correo correcto y contraseña incorrecta" time="0.0050" classname="Prueba de correo correcto y contraseña incorrecta">
      <failure message="The ChromeDriver could not be found on the current PATH. Please download the latest version of the ChromeDriver from http://chromedriver.storage.googleapis.com/index.html and ensure it can be found on your PATH." type="Error"><![CDATA[Error: The ChromeDriver could not be found on the current PATH. Please download the latest version of the ChromeDriver from http://chromedriver.storage.googleapis.com/index.html and ensure it can be found on your PATH.
    at new ServiceBuilder (node_modules\selenium-webdriver\chrome.js:161:13)
    at Function.getDefaultService (node_modules\selenium-webdriver\chrome.js:278:22)
    at Function.createSession (node_modules\selenium-webdriver\chromium.js:634:49)
    at Function.createSession (node_modules\selenium-webdriver\chrome.js:240:13)
    at createDriver (node_modules\selenium-webdriver\index.js:148:33)
    at Builder.build (node_modules\selenium-webdriver\index.js:713:16)
    at Context.<anonymous> (test.js:28:61)
    at processImmediate (internal/timers.js:464:21)]]></failure>
    </testcase>
    <testcase name="Prueba de Login Prueba de buscador" time="0.0050" classname="Prueba de buscador">
      <failure message="The ChromeDriver could not be found on the current PATH. Please download the latest version of the ChromeDriver from http://chromedriver.storage.googleapis.com/index.html and ensure it can be found on your PATH." type="Error"><![CDATA[Error: The ChromeDriver could not be found on the current PATH. Please download the latest version of the ChromeDriver from http://chromedriver.storage.googleapis.com/index.html and ensure it can be found on your PATH.
    at new ServiceBuilder (node_modules\selenium-webdriver\chrome.js:161:13)
    at Function.getDefaultService (node_modules\selenium-webdriver\chrome.js:278:22)
    at Function.createSession (node_modules\selenium-webdriver\chromium.js:634:49)
    at Function.createSession (node_modules\selenium-webdriver\chrome.js:240:13)
    at createDriver (node_modules\selenium-webdriver\index.js:148:33)
    at Builder.build (node_modules\selenium-webdriver\index.js:713:16)
    at Context.<anonymous> (test.js:49:61)
    at processImmediate (internal/timers.js:464:21)]]></failure>
    </testcase>
    <testcase name="Prueba de Login Prueba de info libro" time="0.0050" classname="Prueba de info libro">
      <failure message="The ChromeDriver could not be found on the current PATH. Please download the latest version of the ChromeDriver from http://chromedriver.storage.googleapis.com/index.html and ensure it can be found on your PATH." type="Error"><![CDATA[Error: The ChromeDriver could not be found on the current PATH. Please download the latest version of the ChromeDriver from http://chromedriver.storage.googleapis.com/index.html and ensure it can be found on your PATH.
    at new ServiceBuilder (node_modules\selenium-webdriver\chrome.js:161:13)
    at Function.getDefaultService (node_modules\selenium-webdriver\chrome.js:278:22)
    at Function.createSession (node_modules\selenium-webdriver\chromium.js:634:49)
    at Function.createSession (node_modules\selenium-webdriver\chrome.js:240:13)
    at createDriver (node_modules\selenium-webdriver\index.js:148:33)
    at Builder.build (node_modules\selenium-webdriver\index.js:713:16)
    at Context.<anonymous> (test.js:73:61)
    at processImmediate (internal/timers.js:464:21)]]></failure>
    </testcase>
  </testsuite>
</testsuites>